<?xml version="1.0" encoding="UTF-8"?>
<!-- Generated by org.testng.reporters.JUnitXMLReporter -->
<testsuite ignored="0" hostname="LAPTOP-N1KMP2C8" failures="0" tests="6" name="Test" time="0.057" errors="0" timestamp="2025-06-30T13:16:32 IST">
  <testcase classname="MavenTest.Maven1_Test" name="CreateCpgnTest" time="0.006"/>
  <testcase classname="MavenTest.Maven1_Test" name="CreateLeadTest" time="0.002"/>
  <testcase classname="MavenTest.Maven1_Test" name="CreateProductTest" time="0.001"/>
  <testcase classname="MavenTest.Maven2Test" name="CreateCpgnTest" time="0.001"/>
  <testcase classname="MavenTest.Maven2Test" name="CreateLeadTest" time="0.002"/>
  <testcase classname="MavenTest.Maven2Test" name="CreateProductTest" time="0.001"/>
</testsuite> <!-- Test -->
