<?xml version="1.0" encoding="UTF-8"?>
<testng-results ignored="0" total="1" passed="1" failed="0" skipped="0">
  <reporter-output>
    <line>
      <![CDATA[This is for command line input]]>
    </line>
  </reporter-output>
  <suite started-at="2025-07-01T16:48:23 IST" name="Default suite" finished-at="2025-07-01T16:48:23 IST" duration-ms="64">
    <groups>
    </groups>
    <test started-at="2025-07-01T16:48:23 IST" name="Default test" finished-at="2025-07-01T16:48:23 IST" duration-ms="64">
      <class name="MavenTest.Maven2Test">
        <test-method signature="CreateCamapignTest()[pri:0, instance:MavenTest.Maven2Test@d86a6f]" started-at="2025-07-01T16:48:23 IST" name="CreateCamapignTest" finished-at="2025-07-01T16:48:23 IST" duration-ms="9" status="PASS">
          <reporter-output>
            <line>
              <![CDATA[This is for command line input]]>
            </line>
          </reporter-output>
        </test-method> <!-- CreateCamapignTest -->
      </class> <!-- MavenTest.Maven2Test -->
    </test> <!-- Default test -->
  </suite> <!-- Default suite -->
</testng-results>
